0 info it worked if it ends with ok
1 verbose cli [ 'C:\\Program Files\\nodejs\\node.exe',
1 verbose cli   'C:\\Program Files\\nodejs\\node_modules\\npm\\bin\\npm-cli.js',
1 verbose cli   'run',
1 verbose cli   'dev' ]
2 info using npm@3.10.10
3 info using node@v6.10.2
4 verbose run-script [ 'predev', 'dev', 'postdev' ]
5 info lifecycle PIC@1.0.0~predev: PIC@1.0.0
6 silly lifecycle PIC@1.0.0~predev: no script for predev, continuing
7 info lifecycle PIC@1.0.0~dev: PIC@1.0.0
8 verbose lifecycle PIC@1.0.0~dev: unsafe-perm in lifecycle true
9 verbose lifecycle PIC@1.0.0~dev: PATH: C:\Program Files\nodejs\node_modules\npm\bin\node-gyp-bin;C:\Users\Haomin\Documents\Projects\mimic\pmimicnew\pmimic\node_modules\.bin;C:\Program Files (x86)\Common Files\Oracle\Java\javapath;C:\Program Files\Microsoft MPI\Bin\;C:\ProgramData\Oracle\Java\javapath;C:\Program Files (x86)\Intel\iCLS Client\;C:\Program Files\Intel\iCLS Client\;C:\WINDOWS\system32;C:\WINDOWS;C:\WINDOWS\System32\Wbem;C:\WINDOWS\System32\WindowsPowerShell\v1.0\;C:\Program Files (x86)\Intel\Intel(R) Management Engine Components\DAL;C:\Program Files\Intel\Intel(R) Management Engine Components\DAL;C:\Program Files (x86)\Intel\Intel(R) Management Engine Components\IPT;C:\Program Files\Intel\Intel(R) Management Engine Components\IPT;C:\Program Files\nodejs\;C:\Program Files\PuTTY\;C:\Program Files\OpenVPN\bin;C:\Program Files\Git\cmd;C:\Program Files\TortoiseSVN\bin;C:\Program Files\Microsoft SQL Server\130\Tools\Binn\;C:\Program Files\dotnet\;C:\Program Files\Anaconda3;C:\Program Files\Anaconda3\Scripts;C:\Program Files\Anaconda3\Library\bin;C:\Program Files (x86)\Microsoft SQL Server\Client SDK\ODBC\130\Tools\Binn\;C:\Program Files (x86)\Microsoft SQL Server\140\Tools\Binn\;C:\Program Files (x86)\Microsoft SQL Server\140\DTS\Binn\;C:\Program Files (x86)\Microsoft SQL Server\140\Tools\Binn\ManagementStudio\;C:\instantclient_12_2;C:\Program Files\Intel\WiFi\bin\;C:\Program Files\Common Files\Intel\WirelessCommon\;C:\WINDOWS\System32\OpenSSH\;C:\Program Files\CMake\bin;C:\Users\Haomin\AppData\Local\Programs\Python\Python36\Scripts\;C:\Users\Haomin\AppData\Local\Programs\Python\Python36\;C:\Users\Haomin\AppData\Local\Microsoft\WindowsApps;C:\Users\Haomin\AppData\Roaming\npm;C:\Program Files (x86)\SSH Communications Security\SSH Secure Shell;C:\instantclient_12_2;
10 verbose lifecycle PIC@1.0.0~dev: CWD: C:\Users\Haomin\Documents\Projects\mimic\pmimicnew\pmimic
11 silly lifecycle PIC@1.0.0~dev: Args: [ '/d /s /c',
11 silly lifecycle   'webpack-dev-server --inline --progress --config build/webpack.dev.conf.js' ]
12 verbose stack Error: kill ENOSYS
12 verbose stack     at exports._errnoException (util.js:1018:11)
12 verbose stack     at process.kill (internal/process.js:190:13)
12 verbose stack     at process.listener (C:\Program Files\nodejs\node_modules\npm\node_modules\npmlog\node_modules\gauge\node_modules\signal-exit\index.js:86:15)
12 verbose stack     at emitNone (events.js:91:20)
12 verbose stack     at process.emit (events.js:185:7)
12 verbose stack     at processEmit (C:\Program Files\nodejs\node_modules\npm\node_modules\npmlog\node_modules\gauge\node_modules\signal-exit\index.js:146:32)
12 verbose stack     at processEmit (C:\Program Files\nodejs\node_modules\npm\node_modules\npm-registry-client\node_modules\npmlog\node_modules\gauge\node_modules\signal-exit\index.js:146:32)
12 verbose stack     at Signal.wrap.onsignal (internal/process.js:217:44)
13 verbose cwd C:\Users\Haomin\Documents\Projects\mimic\pmimicnew\pmimic
14 error Windows_NT 10.0.17134
15 error argv "C:\\Program Files\\nodejs\\node.exe" "C:\\Program Files\\nodejs\\node_modules\\npm\\bin\\npm-cli.js" "run" "dev"
16 error node v6.10.2
17 error npm  v3.10.10
18 error code ENOSYS
19 error errno ENOSYS
20 error syscall kill
21 error kill ENOSYS
22 error If you need help, you may report this error at:
22 error     <https://github.com/npm/npm/issues>
23 verbose exit [ 1, true ]
